2016-08-29 11:43:32,746 [Recommenders-Timeout-Manager] ERROR o.e.r.i.rcp.JavaElementSelections - Failed to resolve selection in '=ch.ntb.inf.libusbJava/src<ch.ntb.inf.libusbJava{LibusbJava.java' at offset 0
org.eclipse.jdt.core.JavaModelException: ch.ntb.inf.libusbJava [in src [in ch.ntb.inf.libusbJava]] does not exist
	at org.eclipse.jdt.internal.core.JavaElement.newJavaModelException(JavaElement.java:566) ~[org.eclipse.jdt.core_3.10.2.v20150120-1634.jar:na]
	at org.eclipse.jdt.internal.core.Openable.generateInfos(Openable.java:247) ~[org.eclipse.jdt.core_3.10.2.v20150120-1634.jar:na]
	at org.eclipse.jdt.internal.core.Openable.openAncestors(Openable.java:505) ~[org.eclipse.jdt.core_3.10.2.v20150120-1634.jar:na]
	at org.eclipse.jdt.internal.core.CompilationUnit.openAncestors(CompilationUnit.java:1173) ~[org.eclipse.jdt.core_3.10.2.v20150120-1634.jar:na]
	at org.eclipse.jdt.internal.core.Openable.generateInfos(Openable.java:241) ~[org.eclipse.jdt.core_3.10.2.v20150120-1634.jar:na]
	at org.eclipse.jdt.internal.core.JavaElement.openWhenClosed(JavaElement.java:579) ~[org.eclipse.jdt.core_3.10.2.v20150120-1634.jar:na]
	at org.eclipse.jdt.internal.core.JavaElement.getElementInfo(JavaElement.java:316) ~[org.eclipse.jdt.core_3.10.2.v20150120-1634.jar:na]
	at org.eclipse.jdt.internal.core.JavaElement.getElementInfo(JavaElement.java:302) ~[org.eclipse.jdt.core_3.10.2.v20150120-1634.jar:na]
	at org.eclipse.jdt.internal.core.Openable.getBuffer(Openable.java:285) ~[org.eclipse.jdt.core_3.10.2.v20150120-1634.jar:na]
	at org.eclipse.jdt.internal.core.Openable.codeSelect(Openable.java:152) ~[org.eclipse.jdt.core_3.10.2.v20150120-1634.jar:na]
	at org.eclipse.jdt.internal.core.CompilationUnit.codeSelect(CompilationUnit.java:377) ~[org.eclipse.jdt.core_3.10.2.v20150120-1634.jar:na]
	at org.eclipse.jdt.internal.core.CompilationUnit.codeSelect(CompilationUnit.java:371) ~[org.eclipse.jdt.core_3.10.2.v20150120-1634.jar:na]
	at org.eclipse.recommenders.internal.rcp.JavaElementSelections.resolveJavaElementFromTypeRootInEditor(JavaElementSelections.java:146) [org.eclipse.recommenders.rcp_2.1.0.v20140610-1852.jar:na]
	at org.eclipse.recommenders.internal.rcp.JavaElementSelections.resolveJavaElementFromEditor(JavaElementSelections.java:128) [org.eclipse.recommenders.rcp_2.1.0.v20140610-1852.jar:na]
	at org.eclipse.recommenders.internal.rcp.JavaElementSelections.resolveJavaElementFromEditor(JavaElementSelections.java:111) [org.eclipse.recommenders.rcp_2.1.0.v20140610-1852.jar:na]
	at org.eclipse.recommenders.internal.rcp.JavaElementSelectionService.handleSelectionInEditor(JavaElementSelectionService.java:108) [org.eclipse.recommenders.rcp_2.1.0.v20140610-1852.jar:na]
	at org.eclipse.recommenders.internal.rcp.JavaElementSelectionService.access$1(JavaElementSelectionService.java:105) [org.eclipse.recommenders.rcp_2.1.0.v20140610-1852.jar:na]
	at org.eclipse.recommenders.internal.rcp.JavaElementSelectionService$1.run(JavaElementSelectionService.java:82) [org.eclipse.recommenders.rcp_2.1.0.v20140610-1852.jar:na]
	at java.util.concurrent.Executors$RunnableAdapter.call(Unknown Source) [na:1.7.0_67]
	at java.util.concurrent.FutureTask.run(Unknown Source) [na:1.7.0_67]
	at java.util.concurrent.ScheduledThreadPoolExecutor$ScheduledFutureTask.access$201(Unknown Source) [na:1.7.0_67]
	at java.util.concurrent.ScheduledThreadPoolExecutor$ScheduledFutureTask.run(Unknown Source) [na:1.7.0_67]
	at java.util.concurrent.ThreadPoolExecutor.runWorker(Unknown Source) [na:1.7.0_67]
	at java.util.concurrent.ThreadPoolExecutor$Worker.run(Unknown Source) [na:1.7.0_67]
	at java.lang.Thread.run(Unknown Source) [na:1.7.0_67]
2016-08-29 11:43:33,063 [Recommenders-Timeout-Manager] ERROR o.e.r.i.rcp.JavaElementSelections - Failed to resolve selection in '=ch.ntb.inf.libusbJava/src<ch.ntb.inf.libusbJava{LibusbJava.java' at offset 0
org.eclipse.jdt.core.JavaModelException: ch.ntb.inf.libusbJava [in src [in ch.ntb.inf.libusbJava]] does not exist
	at org.eclipse.jdt.internal.core.JavaElement.newJavaModelException(JavaElement.java:566) ~[org.eclipse.jdt.core_3.10.2.v20150120-1634.jar:na]
	at org.eclipse.jdt.internal.core.Openable.generateInfos(Openable.java:247) ~[org.eclipse.jdt.core_3.10.2.v20150120-1634.jar:na]
	at org.eclipse.jdt.internal.core.Openable.openAncestors(Openable.java:505) ~[org.eclipse.jdt.core_3.10.2.v20150120-1634.jar:na]
	at org.eclipse.jdt.internal.core.CompilationUnit.openAncestors(CompilationUnit.java:1173) ~[org.eclipse.jdt.core_3.10.2.v20150120-1634.jar:na]
	at org.eclipse.jdt.internal.core.Openable.generateInfos(Openable.java:241) ~[org.eclipse.jdt.core_3.10.2.v20150120-1634.jar:na]
	at org.eclipse.jdt.internal.core.JavaElement.openWhenClosed(JavaElement.java:579) ~[org.eclipse.jdt.core_3.10.2.v20150120-1634.jar:na]
	at org.eclipse.jdt.internal.core.JavaElement.getElementInfo(JavaElement.java:316) ~[org.eclipse.jdt.core_3.10.2.v20150120-1634.jar:na]
	at org.eclipse.jdt.internal.core.JavaElement.getElementInfo(JavaElement.java:302) ~[org.eclipse.jdt.core_3.10.2.v20150120-1634.jar:na]
	at org.eclipse.jdt.internal.core.Openable.getBuffer(Openable.java:285) ~[org.eclipse.jdt.core_3.10.2.v20150120-1634.jar:na]
	at org.eclipse.jdt.internal.core.Openable.codeSelect(Openable.java:152) ~[org.eclipse.jdt.core_3.10.2.v20150120-1634.jar:na]
	at org.eclipse.jdt.internal.core.CompilationUnit.codeSelect(CompilationUnit.java:377) ~[org.eclipse.jdt.core_3.10.2.v20150120-1634.jar:na]
	at org.eclipse.jdt.internal.core.CompilationUnit.codeSelect(CompilationUnit.java:371) ~[org.eclipse.jdt.core_3.10.2.v20150120-1634.jar:na]
	at org.eclipse.recommenders.internal.rcp.JavaElementSelections.resolveJavaElementFromTypeRootInEditor(JavaElementSelections.java:146) [org.eclipse.recommenders.rcp_2.1.0.v20140610-1852.jar:na]
	at org.eclipse.recommenders.internal.rcp.JavaElementSelections.resolveJavaElementFromEditor(JavaElementSelections.java:128) [org.eclipse.recommenders.rcp_2.1.0.v20140610-1852.jar:na]
	at org.eclipse.recommenders.internal.rcp.JavaElementSelections.resolveJavaElementFromEditor(JavaElementSelections.java:111) [org.eclipse.recommenders.rcp_2.1.0.v20140610-1852.jar:na]
	at org.eclipse.recommenders.internal.rcp.JavaElementSelectionService.handleSelectionInEditor(JavaElementSelectionService.java:108) [org.eclipse.recommenders.rcp_2.1.0.v20140610-1852.jar:na]
	at org.eclipse.recommenders.internal.rcp.JavaElementSelectionService.access$1(JavaElementSelectionService.java:105) [org.eclipse.recommenders.rcp_2.1.0.v20140610-1852.jar:na]
	at org.eclipse.recommenders.internal.rcp.JavaElementSelectionService$1.run(JavaElementSelectionService.java:82) [org.eclipse.recommenders.rcp_2.1.0.v20140610-1852.jar:na]
	at java.util.concurrent.Executors$RunnableAdapter.call(Unknown Source) [na:1.7.0_67]
	at java.util.concurrent.FutureTask.run(Unknown Source) [na:1.7.0_67]
	at java.util.concurrent.ScheduledThreadPoolExecutor$ScheduledFutureTask.access$201(Unknown Source) [na:1.7.0_67]
	at java.util.concurrent.ScheduledThreadPoolExecutor$ScheduledFutureTask.run(Unknown Source) [na:1.7.0_67]
	at java.util.concurrent.ThreadPoolExecutor.runWorker(Unknown Source) [na:1.7.0_67]
	at java.util.concurrent.ThreadPoolExecutor$Worker.run(Unknown Source) [na:1.7.0_67]
	at java.lang.Thread.run(Unknown Source) [na:1.7.0_67]
